{
  "0 debug pnpm:scope": {
    "selected": 1,
    "workspacePrefix": "/Users/chenchong/Documents/cc_react"
  },
  "1 error pnpm": {
    "errno": 1,
    "code": "ELIFECYCLE",
    "pkgid": "cc_react@1.0.0",
    "stage": "build:dev",
    "script": "rm -rf dist && rollup --bundleConfigAsCjs --config scripts/rollup/dev.config.js",
    "pkgname": "cc_react",
    "err": {
      "name": "pnpm",
      "message": "cc_react@1.0.0 build:dev: `rm -rf dist && rollup --bundleConfigAsCjs --config scripts/rollup/dev.config.js`\nExit status 1",
      "code": "ELIFECYCLE",
      "stack": "pnpm: cc_react@1.0.0 build:dev: `rm -rf dist && rollup --bundleConfigAsCjs --config scripts/rollup/dev.config.js`\nExit status 1\n    at EventEmitter.<anonymous> (/Users/chenchong/.config/yarn/global/node_modules/pnpm/dist/pnpm.cjs:107358:20)\n    at EventEmitter.emit (node:events:517:28)\n    at ChildProcess.<anonymous> (/Users/chenchong/.config/yarn/global/node_modules/pnpm/dist/pnpm.cjs:93924:18)\n    at ChildProcess.emit (node:events:517:28)\n    at maybeClose (node:internal/child_process:1098:16)\n    at ChildProcess._handle.onexit (node:internal/child_process:303:5)"
    }
  }
}